<?xml version="1.0" encoding="UTF-8"?>
<testng-results ignored="0" total="1" passed="1" failed="0" skipped="0">
  <reporter-output>
  </reporter-output>
  <suite started-at="2020-09-07T04:41:08 BST" name="maven.testng.BasePageTest" finished-at="2020-09-07T04:41:13 BST" duration-ms="5146">
    <groups>
    </groups>
    <test started-at="2020-09-07T04:41:08 BST" name="Command line test" finished-at="2020-09-07T04:41:13 BST" duration-ms="5146">
      <class name="maven.testng.BasePageTest">
        <test-method signature="fistPage()[pri:0, instance:maven.testng.BasePageTest@51c8530f]" started-at="2020-09-07T04:41:08 BST" name="fistPage" finished-at="2020-09-07T04:41:13 BST" duration-ms="5103" status="PASS">
          <reporter-output>
          </reporter-output>
        </test-method> <!-- fistPage -->
      </class> <!-- maven.testng.BasePageTest -->
    </test> <!-- Command line test -->
  </suite> <!-- maven.testng.BasePageTest -->
</testng-results>
