<?xml version="1.0" encoding="UTF-8"?>
<testng-results ignored="0" total="1" passed="1" failed="0" skipped="0">
  <reporter-output>
  </reporter-output>
  <suite started-at="2020-09-07T04:40:08 BST" name="Default suite" finished-at="2020-09-07T04:40:22 BST" duration-ms="14032">
    <groups>
    </groups>
    <test started-at="2020-09-07T04:40:08 BST" name="Default test" finished-at="2020-09-07T04:40:22 BST" duration-ms="14032">
      <class name="stepDefinition.LoginPage">
        <test-method signature="f()[pri:0, instance:stepDefinition.LoginPage@4c1d9d4b]" started-at="2020-09-07T04:40:08 BST" name="f" finished-at="2020-09-07T04:40:17 BST" duration-ms="9282" status="PASS">
          <reporter-output>
          </reporter-output>
        </test-method> <!-- f -->
        <test-method is-config="true" signature="t()[pri:0, instance:stepDefinition.LoginPage@4c1d9d4b]" started-at="2020-09-07T04:40:17 BST" name="t" finished-at="2020-09-07T04:40:22 BST" duration-ms="4696" status="PASS">
          <reporter-output>
          </reporter-output>
        </test-method> <!-- t -->
      </class> <!-- stepDefinition.LoginPage -->
    </test> <!-- Default test -->
  </suite> <!-- Default suite -->
</testng-results>
